14:14:44,785 (AWT-EventQueue-0) INFO  [uniandes.isis2304.superandes.negocio.Superandes] - Consultando consumo del producto 23
14:14:44,836 (AWT-EventQueue-0) ERROR [uniandes.isis2304.superandes.persistencia.PersistenciaSuperandes] - Exception : Error executing SQL query "SELECT * FROM ( SELECT CLIENTE.ID, CLIENTE.NOMBRE, FACTURA.ID, FACTURA.IDSUCURSAL, FACTURA.FECHA, FACTURA.TOTAL, FACTURAPRODUCTO.IDPRODUCTO, FACTURAPRODUCTO.UNIVENDIDAS  FROM CLIENTE FULL OUTER JOIN FACTURA ON CLIENTE.ID = FACTURA.IDCLIENTE FULL OUTER JOIN FACTURAPRODUCTO ON FACTURA.ID = FACTURAPRODUCTO.IDFACTURA MINUS (  SELECT CLIENTE.ID, CLIENTE.NOMBRE, FACTURA.ID, FACTURA.IDSUCURSAL, FACTURA.FECHA, FACTURA.TOTAL, FACTURAPRODUCTO.IDPRODUCTO, FACTURAPRODUCTO.UNIVENDIDAS  FROM CLIENTE FULL OUTER JOIN FACTURA ON CLIENTE.ID = FACTURA.IDCLIENTE FULL OUTER JOIN FACTURAPRODUCTO ON FACTURA.ID = FACTURAPRODUCTO.IDFACTURA WHERE FACTURAPRODUCTO.IDPRODUCTO = ? AND FACTURA.FECHA BETWEEN ? and ?  )".
ORA-00907: missing right parenthesis

14:19:03,576 (main) INFO  [uniandes.isis2304.superandes.interfazApp.InterfazSuperandesApp] - Se encontró un archivo de configuración válido: Interfaz
14:19:03,577 (main) INFO  [uniandes.isis2304.superandes.interfazApp.InterfazSuperandesApp] - Se aplica configuración indicada en el archivo de configuración
14:19:03,606 (main) INFO  [uniandes.isis2304.superandes.interfazApp.InterfazSuperandesApp] - Se encontró un archivo de configuración válido: Tablas BD
14:19:22,186 (AWT-EventQueue-0) INFO  [uniandes.isis2304.superandes.negocio.Superandes] - Consultando consumo del producto 23
14:31:31,292 (main) INFO  [uniandes.isis2304.superandes.interfazApp.InterfazSuperandesApp] - Se encontró un archivo de configuración válido: Interfaz
14:31:31,293 (main) INFO  [uniandes.isis2304.superandes.interfazApp.InterfazSuperandesApp] - Se aplica configuración indicada en el archivo de configuración
14:31:31,361 (main) INFO  [uniandes.isis2304.superandes.interfazApp.InterfazSuperandesApp] - Se encontró un archivo de configuración válido: Tablas BD
14:31:54,408 (AWT-EventQueue-0) INFO  [uniandes.isis2304.superandes.negocio.Superandes] - Consultando consumo del producto 23
15:47:26,434 (main) INFO  [uniandes.isis2304.superandes.interfazApp.InterfazSuperandesApp] - Se encontró un archivo de configuración válido: Interfaz
15:47:26,438 (main) INFO  [uniandes.isis2304.superandes.interfazApp.InterfazSuperandesApp] - Se aplica configuración indicada en el archivo de configuración
15:47:26,549 (main) INFO  [uniandes.isis2304.superandes.interfazApp.InterfazSuperandesApp] - Se encontró un archivo de configuración válido: Tablas BD
15:47:47,659 (AWT-EventQueue-0) INFO  [uniandes.isis2304.superandes.negocio.Superandes] - Consultando funcionami¡ento
15:54:06,224 (main) INFO  [uniandes.isis2304.superandes.interfazApp.InterfazSuperandesApp] - Se encontró un archivo de configuración válido: Interfaz
15:54:06,225 (main) INFO  [uniandes.isis2304.superandes.interfazApp.InterfazSuperandesApp] - Se aplica configuración indicada en el archivo de configuración
15:54:06,249 (main) INFO  [uniandes.isis2304.superandes.interfazApp.InterfazSuperandesApp] - Se encontró un archivo de configuración válido: Tablas BD
15:54:14,700 (AWT-EventQueue-0) INFO  [uniandes.isis2304.superandes.negocio.Superandes] - Consultando funcionami¡ento
15:58:05,816 (main) INFO  [uniandes.isis2304.superandes.interfazApp.InterfazSuperandesApp] - Se encontró un archivo de configuración válido: Interfaz
15:58:05,816 (main) INFO  [uniandes.isis2304.superandes.interfazApp.InterfazSuperandesApp] - Se aplica configuración indicada en el archivo de configuración
15:58:05,843 (main) INFO  [uniandes.isis2304.superandes.interfazApp.InterfazSuperandesApp] - Se encontró un archivo de configuración válido: Tablas BD
15:58:12,882 (AWT-EventQueue-0) INFO  [uniandes.isis2304.superandes.negocio.Superandes] - Consultando funcionami¡ento
